<?xml version="1.0" encoding="UTF-8"?>
<!-- Generated by org.testng.reporters.JUnitReportReporter -->
<testsuite hostname="VDC01LLAP6159" name="com.learnautomation.testcases.VerifyAmazonScenario2Testcase" tests="1" failures="0" timestamp="10 Aug 2022 11:09:59 GMT" time="6.835" errors="0">
  <testcase name="Scenario2" time="6.835" classname="com.learnautomation.testcases.VerifyAmazonScenario2Testcase"/>
</testsuite> <!-- com.learnautomation.testcases.VerifyAmazonScenario2Testcase -->
