<?xml version="1.0" encoding="UTF-8"?>
<!-- Generated by org.testng.reporters.JUnitReportReporter -->
<testsuite hostname="VDC01LLAP6159" name="com.learnautomation.testcases.LoginTestCRM" tests="1" failures="0" timestamp="18 Jul 2022 05:03:55 GMT" time="8.389" errors="0">
  <testcase name="loginApp" time="8.389" classname="com.learnautomation.testcases.LoginTestCRM"/>
</testsuite> <!-- com.learnautomation.testcases.LoginTestCRM -->
