<?xml version="1.0" encoding="UTF-8"?>
<!-- Generated by org.testng.reporters.JUnitReportReporter -->
<testsuite hostname="VDC01LLAP6159" name="BrowserStack.Sample" tests="1" failures="0" timestamp="19 Aug 2022 08:26:36 GMT" time="3.338" errors="0">
  <testcase name="VerifyLogin" time="3.338" classname="BrowserStack.Sample"/>
</testsuite> <!-- BrowserStack.Sample -->
