<?xml version="1.0" encoding="UTF-8"?>
<!-- Generated by org.testng.reporters.JUnitReportReporter -->
<testsuite hostname="VDC01LLAP6159" name="com.learnautomation.testcases.VerifyAmazonHomePageTestcase" tests="1" failures="0" timestamp="19 Aug 2022 08:33:37 GMT" time="2.131" errors="0">
  <testcase name="VerifyElementsOfHomePage" time="2.131" classname="com.learnautomation.testcases.VerifyAmazonHomePageTestcase"/>
</testsuite> <!-- com.learnautomation.testcases.VerifyAmazonHomePageTestcase -->
