<?xml version="1.0" encoding="UTF-8"?>
<!-- Generated by org.testng.reporters.JUnitReportReporter -->
<testsuite hostname="VDC01LLAP6159" name="com.learnautomation.utility.ObjRepositoryData" tests="1" failures="0" timestamp="19 Jul 2022 06:14:01 GMT" time="0.007" errors="0">
  <testcase name="getPath" time="0.007" classname="com.learnautomation.utility.ObjRepositoryData"/>
</testsuite> <!-- com.learnautomation.utility.ObjRepositoryData -->
