<?xml version="1.0" encoding="UTF-8"?>
<!-- Generated by org.testng.reporters.JUnitReportReporter -->
<testsuite hostname="VDC01LLAP6159" name="com.learnautomation.utility.ExtentReport" tests="1" failures="0" timestamp="19 Jul 2022 13:12:15 GMT" time="7.011" errors="0">
  <testcase name="Login" time="7.011" classname="com.learnautomation.utility.ExtentReport"/>
</testsuite> <!-- com.learnautomation.utility.ExtentReport -->
